05:09:04 **** Incremental Build of configuration Debug for project helloworld ****
Info: Internal Builder is used for build
gcc -O0 -g3 -Wall -c -fmessage-length=0 -o helloworld.o "..\\helloworld.c" 
05:09:05 **** Incremental Build of configuration Debug for project helloworld ****
Info: Internal Builder is used for build
gcc -O0 -g3 -Wall -c -fmessage-length=0 -o helloworld.o "..\\helloworld.c" 
05:09:06 **** Incremental Build of configuration Debug for project helloworld ****
Info: Internal Builder is used for build
gcc -O0 -g3 -Wall -c -fmessage-length=0 -o helloworld.o "..\\helloworld.c" 
05:16:55 **** Incremental Build of configuration Debug for project helloworld ****
Info: Internal Builder is used for build
gcc -O0 -g3 -Wall -c -fmessage-length=0 -o helloworld.o "..\\helloworld.c" 
05:38:00 **** Incremental Build of configuration Debug for project helloworld ****
Info: Internal Builder is used for build
gcc -O0 -g3 -Wall -c -fmessage-length=0 -o helloworld.o "..\\helloworld.c" 
15:32:08 **** Rebuild of configuration Debug for project helloworld ****
Info: Internal Builder is used for build
gcc -O0 -g3 -Wall -c -fmessage-length=0 -o helloworld.o "..\\helloworld.c" 
15:33:02 **** Build of configuration Debug for project helloc ****
make all 
Cannot run program "make": Launching failed

Error: Program "make" not found in PATH
PATH=[C:\cygwin\bin;C:\Program Files (x86)\Intel\iCLS Client\;C:\Program Files\Intel\iCLS Client\;C:\WINDOWS\system32;C:\WINDOWS;C:\WINDOWS\System32\Wbem;C:\WINDOWS\System32\WindowsPowerShell\v1.0\;C:\Program Files\Intel\Intel(R) Management Engine Components\DAL;C:\Program Files\Intel\Intel(R) Management Engine Components\IPT;C:\Program Files (x86)\Intel\Intel(R) Management Engine Components\DAL;C:\Program Files (x86)\Intel\Intel(R) Management Engine Components\IPT;C:\cygwin\bin;C:\Program Files\Java\jdk1.7.0_40\bin;C:\Program Files (x86)\Vim\vimfiles\plugin\cmd.vim;C:\MinGW\bin;C:\Program Files (x86)\Intel\OpenCL SDK\3.0\bin\x86;C:\Program Files (x86)\Intel\OpenCL SDK\3.0\bin\x64]
15:45:32 **** Rebuild of configuration Debug for project helloc ****
Info: Internal Builder is used for build
gcc -O0 -g3 -Wall -c -fmessage-length=0 -o "src\\helloc.o" "..\\src\\helloc.c" 
15:46:39 **** Build of configuration Debug for project helloc ****
make all 
Cannot run program "make": Launching failed

Error: Program "make" not found in PATH
PATH=[C:\eclipse;C:\Program Files (x86)\Intel\iCLS Client\;C:\Program Files\Intel\iCLS Client\;C:\WINDOWS\system32;C:\WINDOWS;C:\WINDOWS\System32\Wbem;C:\WINDOWS\System32\WindowsPowerShell\v1.0\;C:\Program Files\Intel\Intel(R) Management Engine Components\DAL;C:\Program Files\Intel\Intel(R) Management Engine Components\IPT;C:\Program Files (x86)\Intel\Intel(R) Management Engine Components\DAL;C:\Program Files (x86)\Intel\Intel(R) Management Engine Components\IPT;C:\cygwin\bin;C:\Program Files\Java\jdk1.7.0_40\bin;C:\Program Files (x86)\Vim\vimfiles\plugin\cmd.vim;C:\MinGW\bin;C:\Program Files (x86)\Intel\OpenCL SDK\3.0\bin\x86;C:\Program Files (x86)\Intel\OpenCL SDK\3.0\bin\x64]
